# JRE version: OpenJDK Runtime Environment Temurin-21.0.2+13 (21.0.2+13) (build 21.0.2+13-LTS)
# Java VM: OpenJDK 64-Bit Server VM Temurin-21.0.2+13 (21.0.2+13-LTS, mixed mode, emulated-client, sharing, tiered, compressed oops, compressed class ptrs, g1 gc, windows-amd64)
GC Precious Log:
 CardTable entry size: 512
 Card Set container configuration: InlinePtr #cards 4 size 8 Array Of Cards #cards 16 size 48 Howl #buckets 8 coarsen threshold 3686 Howl Bitmap #cards 512 size 80 coarsen threshold 460 Card regions per heap region 1 cards per card region 4096
 CPUs: 16 total, 16 available
 Memory: 13624M
 Large Page Support: Disabled
 NUMA Support: Disabled
 Compressed Oops: Enabled (Zero based)
 Heap Region Size: 2M
 Heap Min Capacity: 8M
 Heap Initial Capacity: 214M
 Heap Max Capacity: 3408M
 Pre-touch: Disabled
 Parallel Workers: 13
 Concurrent Workers: 3
 Concurrent Refinement Workers: 13
 Periodic GC: Disabled
Heap:
 garbage-first heap   total 157696K, used 130675K [0x000000072b000000, 0x0000000800000000)
  region size 2048K, 46 young (94208K), 1 survivors (2048K)
 Metaspace       used 81346K, committed 82176K, reserved 1179648K
  class space    used 11559K, committed 11968K, reserved 1048576K
GC Heap History (20 events):
Event: 2169.188 GC heap after
{Heap after GC invocations=63 (full 4):
 garbage-first heap   total 159744K, used 41117K [0x000000072b000000, 0x0000000800000000)
  region size 2048K, 2 young (4096K), 2 survivors (4096K)
 Metaspace       used 80814K, committed 81792K, reserved 1179648K
  class space    used 11481K, committed 11904K, reserved 1048576K
}
Event: 2280.139 GC heap before
{Heap before GC invocations=63 (full 4):
 garbage-first heap   total 159744K, used 131229K [0x000000072b000000, 0x0000000800000000)
  region size 2048K, 46 young (94208K), 2 survivors (4096K)
 Metaspace       used 80814K, committed 81792K, reserved 1179648K
  class space    used 11481K, committed 11904K, reserved 1048576K
}
Event: 2280.141 GC heap after
{Heap after GC invocations=64 (full 4):
 garbage-first heap   total 159744K, used 39937K [0x000000072b000000, 0x0000000800000000)
  region size 2048K, 2 young (4096K), 2 survivors (4096K)
 Metaspace       used 80814K, committed 81792K, reserved 1179648K
  class space    used 11481K, committed 11904K, reserved 1048576K
}
Event: 2391.688 GC heap before
{Heap before GC invocations=64 (full 4):
 garbage-first heap   total 159744K, used 130049K [0x000000072b000000, 0x0000000800000000)
  region size 2048K, 46 young (94208K), 2 survivors (4096K)
 Metaspace       used 80814K, committed 81792K, reserved 1179648K
  class space    used 11481K, committed 11904K, reserved 1048576K
}
Event: 2391.690 GC heap after
{Heap after GC invocations=65 (full 4):
 garbage-first heap   total 159744K, used 39980K [0x000000072b000000, 0x0000000800000000)
  region size 2048K, 2 young (4096K), 2 survivors (4096K)
 Metaspace       used 80814K, committed 81792K, reserved 1179648K
  class space    used 11481K, committed 11904K, reserved 1048576K
}
Event: 2503.232 GC heap before
{Heap before GC invocations=66 (full 4):
 garbage-first heap   total 157696K, used 130092K [0x000000072b000000, 0x0000000800000000)
  region size 2048K, 46 young (94208K), 2 survivors (4096K)
 Metaspace       used 80819K, committed 81792K, reserved 1179648K
  class space    used 11481K, committed 11904K, reserved 1048576K
}
Event: 2503.234 GC heap after
{Heap after GC invocations=67 (full 4):
 garbage-first heap   total 157696K, used 39886K [0x000000072b000000, 0x0000000800000000)
  region size 2048K, 2 young (4096K), 2 survivors (4096K)
 Metaspace       used 80819K, committed 81792K, reserved 1179648K
  class space    used 11481K, committed 11904K, reserved 1048576K
}
Event: 2615.101 GC heap before
{Heap before GC invocations=67 (full 4):
 garbage-first heap   total 157696K, used 129998K [0x000000072b000000, 0x0000000800000000)
  region size 2048K, 46 young (94208K), 2 survivors (4096K)
 Metaspace       used 80819K, committed 81792K, reserved 1179648K
  class space    used 11481K, committed 11904K, reserved 1048576K
}
Event: 2615.104 GC heap after
{Heap after GC invocations=68 (full 4):
 garbage-first heap   total 157696K, used 40010K [0x000000072b000000, 0x0000000800000000)
  region size 2048K, 2 young (4096K), 2 survivors (4096K)
 Metaspace       used 80819K, committed 81792K, reserved 1179648K
  class space    used 11481K, committed 11904K, reserved 1048576K
}
Event: 2726.590 GC heap before
{Heap before GC invocations=68 (full 4):
 garbage-first heap   total 157696K, used 130122K [0x000000072b000000, 0x0000000800000000)
  region size 2048K, 46 young (94208K), 2 survivors (4096K)
 Metaspace       used 80819K, committed 81792K, reserved 1179648K
  class space    used 11481K, committed 11904K, reserved 1048576K
}
Event: 2726.592 GC heap after
{Heap after GC invocations=69 (full 4):
 garbage-first heap   total 157696K, used 39878K [0x000000072b000000, 0x0000000800000000)
  region size 2048K, 2 young (4096K), 2 survivors (4096K)
 Metaspace       used 80819K, committed 81792K, reserved 1179648K
  class space    used 11481K, committed 11904K, reserved 1048576K
}
Event: 2838.042 GC heap before
{Heap before GC invocations=70 (full 4):
 garbage-first heap   total 157696K, used 129990K [0x000000072b000000, 0x0000000800000000)
  region size 2048K, 46 young (94208K), 2 survivors (4096K)
 Metaspace       used 80829K, committed 81792K, reserved 1179648K
  class space    used 11483K, committed 11904K, reserved 1048576K
}
Event: 2838.045 GC heap after
{Heap after GC invocations=71 (full 4):
 garbage-first heap   total 157696K, used 39785K [0x000000072b000000, 0x0000000800000000)
  region size 2048K, 1 young (2048K), 1 survivors (2048K)
 Metaspace       used 80829K, committed 81792K, reserved 1179648K
  class space    used 11483K, committed 11904K, reserved 1048576K
}
Event: 2909.438 GC heap before
{Heap before GC invocations=71 (full 4):
 garbage-first heap   total 157696K, used 99177K [0x000000072b000000, 0x0000000800000000)
  region size 2048K, 31 young (63488K), 1 survivors (2048K)
 Metaspace       used 80973K, committed 81856K, reserved 1179648K
  class space    used 11493K, committed 11904K, reserved 1048576K
}
Event: 2909.465 GC heap after
{Heap after GC invocations=72 (full 5):
 garbage-first heap   total 122880K, used 30928K [0x000000072b000000, 0x0000000800000000)
  region size 2048K, 0 young (0K), 0 survivors (0K)
 Metaspace       used 80924K, committed 81856K, reserved 1179648K
  class space    used 11484K, committed 11904K, reserved 1048576K
}
Event: 2910.127 GC heap before
{Heap before GC invocations=72 (full 5):
 garbage-first heap   total 122880K, used 96464K [0x000000072b000000, 0x0000000800000000)
  region size 2048K, 34 young (69632K), 0 survivors (0K)
 Metaspace       used 81261K, committed 82112K, reserved 1179648K
  class space    used 11546K, committed 11968K, reserved 1048576K
}
Event: 2910.130 GC heap after
{Heap after GC invocations=73 (full 5):
 garbage-first heap   total 122880K, used 37427K [0x000000072b000000, 0x0000000800000000)
  region size 2048K, 4 young (8192K), 4 survivors (8192K)
 Metaspace       used 81261K, committed 82112K, reserved 1179648K
  class space    used 11546K, committed 11968K, reserved 1048576K
}
Event: 2989.007 GC heap before
{Heap before GC invocations=74 (full 5):
 garbage-first heap   total 122880K, used 100915K [0x000000072b000000, 0x0000000800000000)
  region size 2048K, 35 young (71680K), 4 survivors (8192K)
 Metaspace       used 81319K, committed 82176K, reserved 1179648K
  class space    used 11556K, committed 11968K, reserved 1048576K
}
Event: 2989.011 GC heap after
{Heap after GC invocations=75 (full 5):
 garbage-first heap   total 157696K, used 38515K [0x000000072b000000, 0x0000000800000000)
  region size 2048K, 1 young (2048K), 1 survivors (2048K)
 Metaspace       used 81319K, committed 82176K, reserved 1179648K
  class space    used 11556K, committed 11968K, reserved 1048576K
}
Event: 3124.059 GC heap before
{Heap before GC invocations=75 (full 5):
 garbage-first heap   total 157696K, used 130675K [0x000000072b000000, 0x0000000800000000)
  region size 2048K, 46 young (94208K), 1 survivors (2048K)
 Metaspace       used 81346K, committed 82176K, reserved 1179648K
  class space    used 11559K, committed 11968K, reserved 1048576K
}

